<?xml version="1.0" encoding="UTF-8"?>
<!-- Generated by org.testng.reporters.JUnitXMLReporter -->
<testsuite ignored="0" hostname="DharminShah" failures="0" tests="5" name="Test" time="5.097" errors="0" timestamp="10 Feb 2022 18:22:49 GMT">
  <testcase classname="tables.TableTest" name="verifyHeaderNameAndOrder" time="0.135"/>
  <testcase classname="tables.TableTest" name="verifyHeaderOfTable1AndTable2" time="0.016"/>
  <testcase classname="tables.TableTest" name="verifyNumberOfDataRows" time="0.019"/>
  <testcase classname="tables.TableTest" name="verifyRowData" time="0.091"/>
  <testcase classname="tables.TableTest" name="verifyRowDataWithSort" time="2.741"/>
</testsuite> <!-- Test -->
