<?xml version="1.0" encoding="UTF-8"?>
<!-- Generated by org.testng.reporters.JUnitXMLReporter -->
<testsuite ignored="0" hostname="DharminShah" failures="0" tests="5" name="Default test" time="6.455" errors="0" timestamp="10 Feb 2022 14:01:25 GMT">
  <testcase classname="tables.TableTest" name="verifyHeaderNameAndOrder" time="0.166"/>
  <testcase classname="tables.TableTest" name="verifyHeaderOfTable1AndTable2" time="0.035"/>
  <testcase classname="tables.TableTest" name="verifyNumberOfDataRows" time="0.044"/>
  <testcase classname="tables.TableTest" name="verifyRowData" time="0.214"/>
  <testcase classname="tables.TableTest" name="verifyRowDataWithSort" time="3.254"/>
</testsuite> <!-- Default test -->
