<?xml version="1.0" encoding="UTF-8"?>
<!-- Generated by org.testng.reporters.JUnitXMLReporter -->
<testsuite ignored="0" hostname="DharminShah" failures="1" tests="5" name="Test" time="5.866" errors="0" timestamp="10 Feb 2022 06:40:19 GMT">
  <testcase classname="tables.HomePageTest" name="verifyHeaderNameAndOrder" time="0.341"/>
  <testcase classname="tables.HomePageTest" name="verifyHeaderOfTable1AndTable2" time="0.035"/>
  <testcase classname="tables.HomePageTest" name="verifyNumberOfDataRows" time="0.045">
    <failure type="java.lang.AssertionError" message="expected [true] but found [false]">
      <![CDATA[java.lang.AssertionError: expected [true] but found [false]
at tables.HomePageTest.verifyNumberOfDataRows(HomePageTest.java:74)
... Removed 29 stack frames]]>
    </failure>
  </testcase> <!-- verifyNumberOfDataRows -->
  <testcase classname="tables.HomePageTest" name="verifyRowData" time="0.183"/>
  <testcase classname="tables.HomePageTest" name="verifyRowDataWithSort" time="3.032"/>
</testsuite> <!-- Test -->
