<?xml version="1.0" encoding="UTF-8"?>
<testng-results ignored="0" total="5" passed="5" failed="0" skipped="0">
  <reporter-output>
  </reporter-output>
  <suite started-at="2022-02-10T14:01:19Z" name="Default suite" finished-at="2022-02-10T14:01:25Z" duration-ms="6455">
    <groups>
    </groups>
    <test started-at="2022-02-10T14:01:19Z" name="Default test" finished-at="2022-02-10T14:01:25Z" duration-ms="6455">
      <class name="tables.TableTest">
        <test-method is-config="true" signature="initializeDriver()[pri:0, instance:tables.TableTest@f99f5e0]" started-at="2022-02-10T14:01:19Z" name="initializeDriver" finished-at="2022-02-10T14:01:22Z" duration-ms="2578" status="PASS">
          <reporter-output>
          </reporter-output>
        </test-method> <!-- initializeDriver -->
        <test-method signature="verifyHeaderNameAndOrder()[pri:0, instance:tables.TableTest@f99f5e0]" started-at="2022-02-10T14:01:22Z" name="verifyHeaderNameAndOrder" finished-at="2022-02-10T14:01:22Z" duration-ms="166" status="PASS">
          <reporter-output>
          </reporter-output>
        </test-method> <!-- verifyHeaderNameAndOrder -->
        <test-method signature="verifyHeaderOfTable1AndTable2()[pri:0, instance:tables.TableTest@f99f5e0]" started-at="2022-02-10T14:01:22Z" name="verifyHeaderOfTable1AndTable2" finished-at="2022-02-10T14:01:22Z" duration-ms="35" status="PASS">
          <reporter-output>
          </reporter-output>
        </test-method> <!-- verifyHeaderOfTable1AndTable2 -->
        <test-method signature="verifyNumberOfDataRows()[pri:0, instance:tables.TableTest@f99f5e0]" started-at="2022-02-10T14:01:22Z" name="verifyNumberOfDataRows" finished-at="2022-02-10T14:01:22Z" duration-ms="44" status="PASS">
          <reporter-output>
          </reporter-output>
        </test-method> <!-- verifyNumberOfDataRows -->
        <test-method signature="verifyRowData()[pri:0, instance:tables.TableTest@f99f5e0]" started-at="2022-02-10T14:01:22Z" name="verifyRowData" finished-at="2022-02-10T14:01:22Z" duration-ms="214" status="PASS">
          <reporter-output>
          </reporter-output>
        </test-method> <!-- verifyRowData -->
        <test-method signature="verifyRowDataWithSort()[pri:0, instance:tables.TableTest@f99f5e0]" started-at="2022-02-10T14:01:22Z" name="verifyRowDataWithSort" finished-at="2022-02-10T14:01:25Z" depends-on-methods="tables.TableTest.verifyRowData" duration-ms="3254" status="PASS">
          <reporter-output>
          </reporter-output>
        </test-method> <!-- verifyRowDataWithSort -->
        <test-method is-config="true" signature="tearDown()[pri:0, instance:tables.TableTest@f99f5e0]" started-at="2022-02-10T14:01:25Z" name="tearDown" finished-at="2022-02-10T14:01:25Z" duration-ms="133" status="PASS">
          <reporter-output>
          </reporter-output>
        </test-method> <!-- tearDown -->
      </class> <!-- tables.TableTest -->
    </test> <!-- Default test -->
  </suite> <!-- Default suite -->
</testng-results>
