<?xml version="1.0" encoding="UTF-8"?>
<!-- Generated by org.testng.reporters.JUnitXMLReporter -->
<testsuite ignored="0" hostname="DharminShah" failures="0" tests="5" name="Test" time="5.736" errors="0" timestamp="10 Feb 2022 06:42:10 GMT">
  <testcase classname="tables.HomePageTest" name="verifyHeaderNameAndOrder" time="0.2"/>
  <testcase classname="tables.HomePageTest" name="verifyHeaderOfTable1AndTable2" time="0.019"/>
  <testcase classname="tables.HomePageTest" name="verifyNumberOfDataRows" time="0.021"/>
  <testcase classname="tables.HomePageTest" name="verifyRowData" time="0.091"/>
  <testcase classname="tables.HomePageTest" name="verifyRowDataWithSort" time="2.94"/>
</testsuite> <!-- Test -->
