<?xml version="1.0" encoding="UTF-8"?>
<testng-results ignored="0" total="5" passed="5" failed="0" skipped="0">
  <reporter-output>
  </reporter-output>
  <suite started-at="2022-02-10T18:22:44Z" name="Table Suite" finished-at="2022-02-10T18:22:49Z" duration-ms="5097">
    <groups>
    </groups>
    <test started-at="2022-02-10T18:22:44Z" name="Test" finished-at="2022-02-10T18:22:49Z" duration-ms="5097">
      <class name="tables.TableTest">
        <test-method is-config="true" signature="initializeDriver()[pri:0, instance:tables.TableTest@665df3c6]" started-at="2022-02-10T18:22:44Z" name="initializeDriver" finished-at="2022-02-10T18:22:46Z" duration-ms="1939" status="PASS">
          <reporter-output>
          </reporter-output>
        </test-method> <!-- initializeDriver -->
        <test-method signature="verifyHeaderNameAndOrder()[pri:0, instance:tables.TableTest@665df3c6]" started-at="2022-02-10T18:22:46Z" name="verifyHeaderNameAndOrder" finished-at="2022-02-10T18:22:46Z" duration-ms="135" status="PASS">
          <reporter-output>
          </reporter-output>
        </test-method> <!-- verifyHeaderNameAndOrder -->
        <test-method signature="verifyHeaderOfTable1AndTable2()[pri:0, instance:tables.TableTest@665df3c6]" started-at="2022-02-10T18:22:46Z" name="verifyHeaderOfTable1AndTable2" finished-at="2022-02-10T18:22:46Z" duration-ms="16" status="PASS">
          <reporter-output>
          </reporter-output>
        </test-method> <!-- verifyHeaderOfTable1AndTable2 -->
        <test-method signature="verifyNumberOfDataRows()[pri:0, instance:tables.TableTest@665df3c6]" started-at="2022-02-10T18:22:46Z" name="verifyNumberOfDataRows" finished-at="2022-02-10T18:22:46Z" duration-ms="19" status="PASS">
          <reporter-output>
          </reporter-output>
        </test-method> <!-- verifyNumberOfDataRows -->
        <test-method signature="verifyRowData()[pri:0, instance:tables.TableTest@665df3c6]" started-at="2022-02-10T18:22:46Z" name="verifyRowData" finished-at="2022-02-10T18:22:46Z" duration-ms="91" status="PASS">
          <reporter-output>
          </reporter-output>
        </test-method> <!-- verifyRowData -->
        <test-method signature="verifyRowDataWithSort()[pri:0, instance:tables.TableTest@665df3c6]" started-at="2022-02-10T18:22:46Z" name="verifyRowDataWithSort" finished-at="2022-02-10T18:22:49Z" depends-on-methods="tables.TableTest.verifyRowData" duration-ms="2741" status="PASS">
          <reporter-output>
          </reporter-output>
        </test-method> <!-- verifyRowDataWithSort -->
        <test-method is-config="true" signature="tearDown()[pri:0, instance:tables.TableTest@665df3c6]" started-at="2022-02-10T18:22:49Z" name="tearDown" finished-at="2022-02-10T18:22:49Z" duration-ms="140" status="PASS">
          <reporter-output>
          </reporter-output>
        </test-method> <!-- tearDown -->
      </class> <!-- tables.TableTest -->
    </test> <!-- Test -->
  </suite> <!-- Table Suite -->
</testng-results>
